<?xml version="1.0" encoding="UTF-8"?>
<testng-results ignored="0" total="1" passed="1" failed="0" skipped="0">
  <reporter-output>
  </reporter-output>
  <suite started-at="2020-12-01T21:29:40 EST" name="Default suite" finished-at="2020-12-01T21:29:41 EST" duration-ms="58">
    <groups>
    </groups>
    <test started-at="2020-12-01T21:29:40 EST" name="Default test" finished-at="2020-12-01T21:29:41 EST" duration-ms="58">
      <class name="Run.NewTestProperties">
        <test-method signature="f()[pri:0, instance:Run.NewTestProperties@10d68fcd]" started-at="2020-12-01T21:29:40 EST" name="f" finished-at="2020-12-01T21:29:40 EST" duration-ms="10" status="PASS">
          <reporter-output>
          </reporter-output>
        </test-method> <!-- f -->
      </class> <!-- Run.NewTestProperties -->
    </test> <!-- Default test -->
  </suite> <!-- Default suite -->
</testng-results>
