<?xml version="1.0" encoding="UTF-8"?>
<testng-results ignored="1" total="2" passed="1" failed="0" skipped="0">
  <reporter-output>
  </reporter-output>
  <suite started-at="2020-12-07T10:55:50 EST" name="Suite" finished-at="2020-12-07T10:55:59 EST" duration-ms="9131">
    <groups>
      <group name="Regression">
        <method signature="Login.signup()[pri:1, instance:Run.Login@1329eff]" name="signup" class="Run.Login"/>
      </group> <!-- Regression -->
      <group name="Adhoc">
        <method signature="Login.signup()[pri:1, instance:Run.Login@1329eff]" name="signup" class="Run.Login"/>
      </group> <!-- Adhoc -->
    </groups>
    <test started-at="2020-12-07T10:55:50 EST" name="Chrome" finished-at="2020-12-07T10:55:59 EST" duration-ms="9131">
      <class name="Run.Login">
        <test-method is-config="true" signature="loadDriver(java.lang.String, java.lang.String)[pri:0, instance:Run.Login@1329eff]" started-at="2020-12-07T10:55:50 EST" name="loadDriver" finished-at="2020-12-07T10:55:54 EST" duration-ms="4592" status="PASS">
          <params>
            <param index="0">
              <value>
                <![CDATA[Chrome]]>
              </value>
            </param>
            <param index="1">
              <value>
                <![CDATA[https://facebook.com]]>
              </value>
            </param>
          </params>
          <reporter-output>
          </reporter-output>
        </test-method> <!-- loadDriver -->
        <test-method signature="signup()[pri:1, instance:Run.Login@1329eff]" started-at="2020-12-07T10:55:54 EST" name="signup" finished-at="2020-12-07T10:55:59 EST" duration-ms="4356" status="PASS">
          <reporter-output>
          </reporter-output>
        </test-method> <!-- signup -->
        <test-method is-config="true" signature="quitDriver()[pri:0, instance:Run.Login@1329eff]" started-at="2020-12-07T10:55:59 EST" name="quitDriver" finished-at="2020-12-07T10:55:59 EST" duration-ms="146" status="PASS">
          <reporter-output>
          </reporter-output>
        </test-method> <!-- quitDriver -->
      </class> <!-- Run.Login -->
    </test> <!-- Chrome -->
  </suite> <!-- Suite -->
</testng-results>
